# JRE version: OpenJDK Runtime Environment (8.0) (build 1.8.0-25-microsoft-b00)
# Java VM: OpenJDK 64-Bit Server VM (25.71-b00 mixed mode windows-amd64 compressed oops)
Heap:
 PSYoungGen      total 291840K, used 261517K [0x00000000eab00000, 0x0000000100000000, 0x0000000100000000)
  eden space 234496K, 87% used [0x00000000eab00000,0x00000000f7267da0,0x00000000f9000000)
  from space 57344K, 99% used [0x00000000f9000000,0x00000000fc7fba00,0x00000000fc800000)
  to   space 57344K, 0% used [0x00000000fc800000,0x00000000fc800000,0x0000000100000000)
 ParOldGen       total 148992K, used 109795K [0x00000000c0000000, 0x00000000c9180000, 0x00000000eab00000)
  object space 148992K, 73% used [0x00000000c0000000,0x00000000c6b38f68,0x00000000c9180000)
 Metaspace       used 6689K, capacity 7350K, committed 7552K, reserved 1056768K
  class space    used 610K, capacity 622K, committed 640K, reserved 1048576K
GC Heap History (10 events):
Event: 14.301 GC heap before
{Heap before GC invocations=7 (full 0):
 PSYoungGen      total 216064K, used 212583K [0x00000000eab00000, 0x00000000f9900000, 0x0000000100000000)
  eden space 194560K, 100% used [0x00000000eab00000,0x00000000f6900000,0x00000000f6900000)
  from space 21504K, 83% used [0x00000000f8000000,0x00000000f9199c60,0x00000000f9500000)
  to   space 23552K, 0% used [0x00000000f6900000,0x00000000f6900000,0x00000000f8000000)
 ParOldGen       total 65536K, used 35813K [0x00000000c0000000, 0x00000000c4000000, 0x00000000eab00000)
  object space 65536K, 54% used [0x00000000c0000000,0x00000000c22f9558,0x00000000c4000000)
 Metaspace       used 6647K, capacity 7350K, committed 7552K, reserved 1056768K
  class space    used 609K, capacity 622K, committed 640K, reserved 1048576K
Event: 14.421 GC heap after
Heap after GC invocations=7 (full 0):
 PSYoungGen      total 218112K, used 23534K [0x00000000eab00000, 0x0000000100000000, 0x0000000100000000)
  eden space 194560K, 0% used [0x00000000eab00000,0x00000000eab00000,0x00000000f6900000)
  from space 23552K, 99% used [0x00000000f6900000,0x00000000f7ffb8b0,0x00000000f8000000)
  to   space 39424K, 0% used [0x00000000fd980000,0x00000000fd980000,0x0000000100000000)
 ParOldGen       total 65536K, used 59355K [0x00000000c0000000, 0x00000000c4000000, 0x00000000eab00000)
  object space 65536K, 90% used [0x00000000c0000000,0x00000000c39f6d58,0x00000000c4000000)
 Metaspace       used 6647K, capacity 7350K, committed 7552K, reserved 1056768K
  class space    used 609K, capacity 622K, committed 640K, reserved 1048576K
}
Event: 14.422 GC heap before
{Heap before GC invocations=8 (full 1):
 PSYoungGen      total 218112K, used 23534K [0x00000000eab00000, 0x0000000100000000, 0x0000000100000000)
  eden space 194560K, 0% used [0x00000000eab00000,0x00000000eab00000,0x00000000f6900000)
  from space 23552K, 99% used [0x00000000f6900000,0x00000000f7ffb8b0,0x00000000f8000000)
  to   space 39424K, 0% used [0x00000000fd980000,0x00000000fd980000,0x0000000100000000)
 ParOldGen       total 65536K, used 59355K [0x00000000c0000000, 0x00000000c4000000, 0x00000000eab00000)
  object space 65536K, 90% used [0x00000000c0000000,0x00000000c39f6d58,0x00000000c4000000)
 Metaspace       used 6647K, capacity 7350K, committed 7552K, reserved 1056768K
  class space    used 609K, capacity 622K, committed 640K, reserved 1048576K
Event: 14.908 GC heap after
Heap after GC invocations=8 (full 1):
 PSYoungGen      total 218112K, used 14000K [0x00000000eab00000, 0x0000000100000000, 0x0000000100000000)
  eden space 194560K, 0% used [0x00000000eab00000,0x00000000eab00000,0x00000000f6900000)
  from space 23552K, 59% used [0x00000000f6900000,0x00000000f76ac308,0x00000000f8000000)
  to   space 39424K, 0% used [0x00000000fd980000,0x00000000fd980000,0x0000000100000000)
 ParOldGen       total 65536K, used 65307K [0x00000000c0000000, 0x00000000c4000000, 0x00000000eab00000)
  object space 65536K, 99% used [0x00000000c0000000,0x00000000c3fc6c58,0x00000000c4000000)
 Metaspace       used 6647K, capacity 7350K, committed 7552K, reserved 1056768K
  class space    used 609K, capacity 622K, committed 640K, reserved 1048576K
}
Event: 20.828 GC heap before
{Heap before GC invocations=9 (full 2):
 PSYoungGen      total 218112K, used 208560K [0x00000000eab00000, 0x0000000100000000, 0x0000000100000000)
  eden space 194560K, 100% used [0x00000000eab00000,0x00000000f6900000,0x00000000f6900000)
  from space 23552K, 59% used [0x00000000f6900000,0x00000000f76ac308,0x00000000f8000000)
  to   space 39424K, 0% used [0x00000000fd980000,0x00000000fd980000,0x0000000100000000)
 ParOldGen       total 65536K, used 65307K [0x00000000c0000000, 0x00000000c4000000, 0x00000000eab00000)
  object space 65536K, 99% used [0x00000000c0000000,0x00000000c3fc6c58,0x00000000c4000000)
 Metaspace       used 6667K, capacity 7350K, committed 7552K, reserved 1056768K
  class space    used 610K, capacity 622K, committed 640K, reserved 1048576K
Event: 21.677 GC heap after
Heap after GC invocations=9 (full 2):
 PSYoungGen      total 218112K, used 40906K [0x00000000eab00000, 0x0000000100000000, 0x0000000100000000)
  eden space 194560K, 21% used [0x00000000eab00000,0x00000000ed2f2828,0x00000000f6900000)
  from space 23552K, 0% used [0x00000000f6900000,0x00000000f6900000,0x00000000f8000000)
  to   space 39424K, 0% used [0x00000000fd980000,0x00000000fd980000,0x0000000100000000)
 ParOldGen       total 148992K, used 65523K [0x00000000c0000000, 0x00000000c9180000, 0x00000000eab00000)
  object space 148992K, 43% used [0x00000000c0000000,0x00000000c3ffcf58,0x00000000c9180000)
 Metaspace       used 6667K, capacity 7350K, committed 7552K, reserved 1056768K
  class space    used 610K, capacity 622K, committed 640K, reserved 1048576K
}
Event: 22.175 GC heap before
{Heap before GC invocations=10 (full 2):
 PSYoungGen      total 218112K, used 194560K [0x00000000eab00000, 0x0000000100000000, 0x0000000100000000)
  eden space 194560K, 100% used [0x00000000eab00000,0x00000000f6900000,0x00000000f6900000)
  from space 23552K, 0% used [0x00000000f6900000,0x00000000f6900000,0x00000000f8000000)
  to   space 39424K, 0% used [0x00000000fd980000,0x00000000fd980000,0x0000000100000000)
 ParOldGen       total 148992K, used 65523K [0x00000000c0000000, 0x00000000c9180000, 0x00000000eab00000)
  object space 148992K, 43% used [0x00000000c0000000,0x00000000c3ffcf58,0x00000000c9180000)
 Metaspace       used 6674K, capacity 7350K, committed 7552K, reserved 1056768K
  class space    used 610K, capacity 622K, committed 640K, reserved 1048576K
Event: 22.305 GC heap after
Heap after GC invocations=10 (full 2):
 PSYoungGen      total 273920K, used 39422K [0x00000000eab00000, 0x0000000100000000, 0x0000000100000000)
  eden space 234496K, 0% used [0x00000000eab00000,0x00000000eab00000,0x00000000f9000000)
  from space 39424K, 99% used [0x00000000fd980000,0x00000000fffffbc8,0x0000000100000000)
  to   space 57344K, 0% used [0x00000000f9000000,0x00000000f9000000,0x00000000fc800000)
 ParOldGen       total 148992K, used 90308K [0x00000000c0000000, 0x00000000c9180000, 0x00000000eab00000)
  object space 148992K, 60% used [0x00000000c0000000,0x00000000c58312e0,0x00000000c9180000)
 Metaspace       used 6674K, capacity 7350K, committed 7552K, reserved 1056768K
  class space    used 610K, capacity 622K, committed 640K, reserved 1048576K
}
Event: 23.178 GC heap before
{Heap before GC invocations=11 (full 2):
 PSYoungGen      total 273920K, used 273918K [0x00000000eab00000, 0x0000000100000000, 0x0000000100000000)
  eden space 234496K, 100% used [0x00000000eab00000,0x00000000f9000000,0x00000000f9000000)
  from space 39424K, 99% used [0x00000000fd980000,0x00000000fffffbc8,0x0000000100000000)
  to   space 57344K, 0% used [0x00000000f9000000,0x00000000f9000000,0x00000000fc800000)
 ParOldGen       total 148992K, used 90308K [0x00000000c0000000, 0x00000000c9180000, 0x00000000eab00000)
  object space 148992K, 60% used [0x00000000c0000000,0x00000000c58312e0,0x00000000c9180000)
 Metaspace       used 6682K, capacity 7350K, committed 7552K, reserved 1056768K
  class space    used 610K, capacity 622K, committed 640K, reserved 1048576K
Event: 23.429 GC heap after
Heap after GC invocations=11 (full 2):
 PSYoungGen      total 291840K, used 57326K [0x00000000eab00000, 0x0000000100000000, 0x0000000100000000)
  eden space 234496K, 0% used [0x00000000eab00000,0x00000000eab00000,0x00000000f9000000)
  from space 57344K, 99% used [0x00000000f9000000,0x00000000fc7fba00,0x00000000fc800000)
  to   space 57344K, 0% used [0x00000000fc800000,0x00000000fc800000,0x0000000100000000)
 ParOldGen       total 148992K, used 109795K [0x00000000c0000000, 0x00000000c9180000, 0x00000000eab00000)
  object space 148992K, 73% used [0x00000000c0000000,0x00000000c6b38f68,0x00000000c9180000)
 Metaspace       used 6682K, capacity 7350K, committed 7552K, reserved 1056768K
  class space    used 610K, capacity 622K, committed 640K, reserved 1048576K
}

