# JRE version: OpenJDK Runtime Environment (8.0) (build 1.8.0-25-microsoft-b00)
# Java VM: OpenJDK 64-Bit Server VM (25.71-b00 mixed mode windows-amd64 compressed oops)
Heap:
 PSYoungGen      total 238592K, used 233033K [0x00000000eab00000, 0x0000000100000000, 0x0000000100000000)
  eden space 187392K, 99% used [0x00000000eab00000,0x00000000f60b8498,0x00000000f6200000)
  from space 51200K, 91% used [0x00000000fce00000,0x00000000ffbda080,0x0000000100000000)
  to   space 80896K, 0% used [0x00000000f6200000,0x00000000f6200000,0x00000000fb100000)
 ParOldGen       total 228352K, used 130739K [0x00000000c0000000, 0x00000000cdf00000, 0x00000000eab00000)
  object space 228352K, 57% used [0x00000000c0000000,0x00000000c7facd98,0x00000000cdf00000)
 Metaspace       used 6695K, capacity 7350K, committed 7552K, reserved 1056768K
  class space    used 610K, capacity 622K, committed 640K, reserved 1048576K
GC Heap History (10 events):
Event: 3.067 GC heap before
{Heap before GC invocations=10 (full 1):
 PSYoungGen      total 216576K, used 28657K [0x00000000eab00000, 0x0000000100000000, 0x0000000100000000)
  eden space 187904K, 0% used [0x00000000eab00000,0x00000000eab00000,0x00000000f6280000)
  from space 28672K, 99% used [0x00000000f6280000,0x00000000f7e7c490,0x00000000f7e80000)
  to   space 41472K, 0% used [0x00000000fd780000,0x00000000fd780000,0x0000000100000000)
 ParOldGen       total 65536K, used 59834K [0x00000000c0000000, 0x00000000c4000000, 0x00000000eab00000)
  object space 65536K, 91% used [0x00000000c0000000,0x00000000c3a6eb80,0x00000000c4000000)
 Metaspace       used 6655K, capacity 7350K, committed 7552K, reserved 1056768K
  class space    used 609K, capacity 622K, committed 640K, reserved 1048576K
Event: 3.414 GC heap after
Heap after GC invocations=10 (full 1):
 PSYoungGen      total 216576K, used 18835K [0x00000000eab00000, 0x0000000100000000, 0x0000000100000000)
  eden space 187904K, 0% used [0x00000000eab00000,0x00000000eab00000,0x00000000f6280000)
  from space 28672K, 65% used [0x00000000f6280000,0x00000000f74e4ea0,0x00000000f7e80000)
  to   space 41472K, 0% used [0x00000000fd780000,0x00000000fd780000,0x0000000100000000)
 ParOldGen       total 122880K, used 65493K [0x00000000c0000000, 0x00000000c7800000, 0x00000000eab00000)
  object space 122880K, 53% used [0x00000000c0000000,0x00000000c3ff5688,0x00000000c7800000)
 Metaspace       used 6655K, capacity 7350K, committed 7552K, reserved 1056768K
  class space    used 609K, capacity 622K, committed 640K, reserved 1048576K
}
Event: 4.006 GC heap before
{Heap before GC invocations=11 (full 1):
 PSYoungGen      total 216576K, used 206739K [0x00000000eab00000, 0x0000000100000000, 0x0000000100000000)
  eden space 187904K, 100% used [0x00000000eab00000,0x00000000f6280000,0x00000000f6280000)
  from space 28672K, 65% used [0x00000000f6280000,0x00000000f74e4ea0,0x00000000f7e80000)
  to   space 41472K, 0% used [0x00000000fd780000,0x00000000fd780000,0x0000000100000000)
 ParOldGen       total 122880K, used 65493K [0x00000000c0000000, 0x00000000c7800000, 0x00000000eab00000)
  object space 122880K, 53% used [0x00000000c0000000,0x00000000c3ff5688,0x00000000c7800000)
 Metaspace       used 6667K, capacity 7350K, committed 7552K, reserved 1056768K
  class space    used 609K, capacity 622K, committed 640K, reserved 1048576K
Event: 4.056 GC heap after
Heap after GC invocations=11 (full 1):
 PSYoungGen      total 268288K, used 36072K [0x00000000eab00000, 0x00000000ffb00000, 0x0000000100000000)
  eden space 231936K, 0% used [0x00000000eab00000,0x00000000eab00000,0x00000000f8d80000)
  from space 36352K, 99% used [0x00000000fd780000,0x00000000ffaba150,0x00000000ffb00000)
  to   space 46080K, 0% used [0x00000000fa100000,0x00000000fa100000,0x00000000fce00000)
 ParOldGen       total 122880K, used 74381K [0x00000000c0000000, 0x00000000c7800000, 0x00000000eab00000)
  object space 122880K, 60% used [0x00000000c0000000,0x00000000c48a36f8,0x00000000c7800000)
 Metaspace       used 6667K, capacity 7350K, committed 7552K, reserved 1056768K
  class space    used 609K, capacity 622K, committed 640K, reserved 1048576K
}
Event: 4.828 GC heap before
{Heap before GC invocations=12 (full 1):
 PSYoungGen      total 268288K, used 268008K [0x00000000eab00000, 0x00000000ffb00000, 0x0000000100000000)
  eden space 231936K, 100% used [0x00000000eab00000,0x00000000f8d80000,0x00000000f8d80000)
  from space 36352K, 99% used [0x00000000fd780000,0x00000000ffaba150,0x00000000ffb00000)
  to   space 46080K, 0% used [0x00000000fa100000,0x00000000fa100000,0x00000000fce00000)
 ParOldGen       total 122880K, used 74381K [0x00000000c0000000, 0x00000000c7800000, 0x00000000eab00000)
  object space 122880K, 60% used [0x00000000c0000000,0x00000000c48a36f8,0x00000000c7800000)
 Metaspace       used 6672K, capacity 7350K, committed 7552K, reserved 1056768K
  class space    used 609K, capacity 622K, committed 640K, reserved 1048576K
Event: 4.904 GC heap after
Heap after GC invocations=12 (full 1):
 PSYoungGen      total 297984K, used 46068K [0x00000000eab00000, 0x0000000100000000, 0x0000000100000000)
  eden space 251904K, 0% used [0x00000000eab00000,0x00000000eab00000,0x00000000fa100000)
  from space 46080K, 99% used [0x00000000fa100000,0x00000000fcdfd3d0,0x00000000fce00000)
  to   space 51200K, 0% used [0x00000000fce00000,0x00000000fce00000,0x0000000100000000)
 ParOldGen       total 122880K, used 96889K [0x00000000c0000000, 0x00000000c7800000, 0x00000000eab00000)
  object space 122880K, 78% used [0x00000000c0000000,0x00000000c5e9e4a0,0x00000000c7800000)
 Metaspace       used 6672K, capacity 7350K, committed 7552K, reserved 1056768K
  class space    used 609K, capacity 622K, committed 640K, reserved 1048576K
}
Event: 6.543 GC heap before
{Heap before GC invocations=13 (full 1):
 PSYoungGen      total 297984K, used 297972K [0x00000000eab00000, 0x0000000100000000, 0x0000000100000000)
  eden space 251904K, 100% used [0x00000000eab00000,0x00000000fa100000,0x00000000fa100000)
  from space 46080K, 99% used [0x00000000fa100000,0x00000000fcdfd3d0,0x00000000fce00000)
  to   space 51200K, 0% used [0x00000000fce00000,0x00000000fce00000,0x0000000100000000)
 ParOldGen       total 122880K, used 96889K [0x00000000c0000000, 0x00000000c7800000, 0x00000000eab00000)
  object space 122880K, 78% used [0x00000000c0000000,0x00000000c5e9e4a0,0x00000000c7800000)
 Metaspace       used 6690K, capacity 7350K, committed 7552K, reserved 1056768K
  class space    used 609K, capacity 622K, committed 640K, reserved 1048576K
Event: 7.060 GC heap after
Heap after GC invocations=13 (full 1):
 PSYoungGen      total 238592K, used 51175K [0x00000000eab00000, 0x0000000100000000, 0x0000000100000000)
  eden space 187392K, 0% used [0x00000000eab00000,0x00000000eab00000,0x00000000f6200000)
  from space 51200K, 99% used [0x00000000fce00000,0x00000000ffff9c70,0x0000000100000000)
  to   space 80896K, 0% used [0x00000000f6200000,0x00000000f6200000,0x00000000fb100000)
 ParOldGen       total 131072K, used 130999K [0x00000000c0000000, 0x00000000c8000000, 0x00000000eab00000)
  object space 131072K, 99% used [0x00000000c0000000,0x00000000c7feddb0,0x00000000c8000000)
 Metaspace       used 6690K, capacity 7350K, committed 7552K, reserved 1056768K
  class space    used 609K, capacity 622K, committed 640K, reserved 1048576K
}
Event: 7.080 GC heap before
{Heap before GC invocations=14 (full 2):
 PSYoungGen      total 238592K, used 51175K [0x00000000eab00000, 0x0000000100000000, 0x0000000100000000)
  eden space 187392K, 0% used [0x00000000eab00000,0x00000000eab00000,0x00000000f6200000)
  from space 51200K, 99% used [0x00000000fce00000,0x00000000ffff9c70,0x0000000100000000)
  to   space 80896K, 0% used [0x00000000f6200000,0x00000000f6200000,0x00000000fb100000)
 ParOldGen       total 131072K, used 130999K [0x00000000c0000000, 0x00000000c8000000, 0x00000000eab00000)
  object space 131072K, 99% used [0x00000000c0000000,0x00000000c7feddb0,0x00000000c8000000)
 Metaspace       used 6690K, capacity 7350K, committed 7552K, reserved 1056768K
  class space    used 609K, capacity 622K, committed 640K, reserved 1048576K
Event: 9.482 GC heap after
Heap after GC invocations=14 (full 2):
 PSYoungGen      total 238592K, used 46952K [0x00000000eab00000, 0x0000000100000000, 0x0000000100000000)
  eden space 187392K, 0% used [0x00000000eab00000,0x00000000eab00000,0x00000000f6200000)
  from space 51200K, 91% used [0x00000000fce00000,0x00000000ffbda080,0x0000000100000000)
  to   space 80896K, 0% used [0x00000000f6200000,0x00000000f6200000,0x00000000fb100000)
 ParOldGen       total 228352K, used 130739K [0x00000000c0000000, 0x00000000cdf00000, 0x00000000eab00000)
  object space 228352K, 57% used [0x00000000c0000000,0x00000000c7facd98,0x00000000cdf00000)
 Metaspace       used 6690K, capacity 7350K, committed 7552K, reserved 1056768K
  class space    used 609K, capacity 622K, committed 640K, reserved 1048576K
}

