# JRE version: OpenJDK Runtime Environment (8.0) (build 1.8.0-25-microsoft-b00)
# Java VM: OpenJDK 64-Bit Server VM (25.71-b00 mixed mode windows-amd64 compressed oops)
Heap:
 PSYoungGen      total 14848K, used 8146K [0x00000000e0400000, 0x00000000e2200000, 0x0000000100000000)
  eden space 11776K, 60% used [0x00000000e0400000,0x00000000e0af5600,0x00000000e0f80000)
  from space 3072K, 33% used [0x00000000e0f80000,0x00000000e107f530,0x00000000e1280000)
  to   space 3584K, 0% used [0x00000000e1e80000,0x00000000e1e80000,0x00000000e2200000)
 ParOldGen       total 5632K, used 5414K [0x00000000a0c00000, 0x00000000a1180000, 0x00000000e0400000)
  object space 5632K, 96% used [0x00000000a0c00000,0x00000000a1149a48,0x00000000a1180000)
 Metaspace       used 7385K, capacity 8244K, committed 8320K, reserved 1056768K
  class space    used 857K, capacity 880K, committed 896K, reserved 1048576K
GC Heap History (10 events):
Event: 0.428 GC heap before
{Heap before GC invocations=4 (full 0):
 PSYoungGen      total 3584K, used 3551K [0x00000000e0400000, 0x00000000e0b00000, 0x0000000100000000)
  eden space 3072K, 98% used [0x00000000e0400000,0x00000000e06f7d50,0x00000000e0700000)
  from space 512K, 100% used [0x00000000e0700000,0x00000000e0780000,0x00000000e0780000)
  to   space 512K, 0% used [0x00000000e0a80000,0x00000000e0a80000,0x00000000e0b00000)
 ParOldGen       total 5632K, used 628K [0x00000000a0c00000, 0x00000000a1180000, 0x00000000e0400000)
  object space 5632K, 11% used [0x00000000a0c00000,0x00000000a0c9d030,0x00000000a1180000)
 Metaspace       used 5907K, capacity 7180K, committed 7552K, reserved 1056768K
  class space    used 725K, capacity 776K, committed 896K, reserved 1048576K
Event: 0.429 GC heap after
Heap after GC invocations=4 (full 0):
 PSYoungGen      total 6656K, used 512K [0x00000000e0400000, 0x00000000e0b00000, 0x0000000100000000)
  eden space 6144K, 0% used [0x00000000e0400000,0x00000000e0400000,0x00000000e0a00000)
  from space 512K, 100% used [0x00000000e0a80000,0x00000000e0b00000,0x00000000e0b00000)
  to   space 512K, 0% used [0x00000000e0a00000,0x00000000e0a00000,0x00000000e0a80000)
 ParOldGen       total 5632K, used 756K [0x00000000a0c00000, 0x00000000a1180000, 0x00000000e0400000)
  object space 5632K, 13% used [0x00000000a0c00000,0x00000000a0cbd040,0x00000000a1180000)
 Metaspace       used 5907K, capacity 7180K, committed 7552K, reserved 1056768K
  class space    used 725K, capacity 776K, committed 896K, reserved 1048576K
}
Event: 0.760 GC heap before
{Heap before GC invocations=5 (full 0):
 PSYoungGen      total 6656K, used 6656K [0x00000000e0400000, 0x00000000e0b00000, 0x0000000100000000)
  eden space 6144K, 100% used [0x00000000e0400000,0x00000000e0a00000,0x00000000e0a00000)
  from space 512K, 100% used [0x00000000e0a80000,0x00000000e0b00000,0x00000000e0b00000)
  to   space 512K, 0% used [0x00000000e0a00000,0x00000000e0a00000,0x00000000e0a80000)
 ParOldGen       total 5632K, used 756K [0x00000000a0c00000, 0x00000000a1180000, 0x00000000e0400000)
  object space 5632K, 13% used [0x00000000a0c00000,0x00000000a0cbd040,0x00000000a1180000)
 Metaspace       used 7266K, capacity 8180K, committed 8320K, reserved 1056768K
  class space    used 852K, capacity 880K, committed 896K, reserved 1048576K
Event: 0.765 GC heap after
Heap after GC invocations=5 (full 0):
 PSYoungGen      total 6656K, used 512K [0x00000000e0400000, 0x00000000e1500000, 0x0000000100000000)
  eden space 6144K, 0% used [0x00000000e0400000,0x00000000e0400000,0x00000000e0a00000)
  from space 512K, 100% used [0x00000000e0a00000,0x00000000e0a80000,0x00000000e0a80000)
  to   space 2560K, 0% used [0x00000000e1280000,0x00000000e1280000,0x00000000e1500000)
 ParOldGen       total 5632K, used 2998K [0x00000000a0c00000, 0x00000000a1180000, 0x00000000e0400000)
  object space 5632K, 53% used [0x00000000a0c00000,0x00000000a0eedbf0,0x00000000a1180000)
 Metaspace       used 7266K, capacity 8180K, committed 8320K, reserved 1056768K
  class space    used 852K, capacity 880K, committed 896K, reserved 1048576K
}
Event: 0.809 GC heap before
{Heap before GC invocations=6 (full 0):
 PSYoungGen      total 6656K, used 5455K [0x00000000e0400000, 0x00000000e1500000, 0x0000000100000000)
  eden space 6144K, 80% used [0x00000000e0400000,0x00000000e08d3c68,0x00000000e0a00000)
  from space 512K, 100% used [0x00000000e0a00000,0x00000000e0a80000,0x00000000e0a80000)
  to   space 2560K, 0% used [0x00000000e1280000,0x00000000e1280000,0x00000000e1500000)
 ParOldGen       total 5632K, used 2998K [0x00000000a0c00000, 0x00000000a1180000, 0x00000000e0400000)
  object space 5632K, 53% used [0x00000000a0c00000,0x00000000a0eedbf0,0x00000000a1180000)
 Metaspace       used 7295K, capacity 8180K, committed 8320K, reserved 1056768K
  class space    used 857K, capacity 880K, committed 896K, reserved 1048576K
Event: 0.813 GC heap after
Heap after GC invocations=6 (full 0):
 PSYoungGen      total 14336K, used 2236K [0x00000000e0400000, 0x00000000e1600000, 0x0000000100000000)
  eden space 11776K, 0% used [0x00000000e0400000,0x00000000e0400000,0x00000000e0f80000)
  from space 2560K, 87% used [0x00000000e1280000,0x00000000e14af328,0x00000000e1500000)
  to   space 3072K, 0% used [0x00000000e0f80000,0x00000000e0f80000,0x00000000e1280000)
 ParOldGen       total 5632K, used 3006K [0x00000000a0c00000, 0x00000000a1180000, 0x00000000e0400000)
  object space 5632K, 53% used [0x00000000a0c00000,0x00000000a0eefbf0,0x00000000a1180000)
 Metaspace       used 7295K, capacity 8180K, committed 8320K, reserved 1056768K
  class space    used 857K, capacity 880K, committed 896K, reserved 1048576K
}
Event: 0.917 GC heap before
{Heap before GC invocations=7 (full 0):
 PSYoungGen      total 14336K, used 14012K [0x00000000e0400000, 0x00000000e1600000, 0x0000000100000000)
  eden space 11776K, 100% used [0x00000000e0400000,0x00000000e0f80000,0x00000000e0f80000)
  from space 2560K, 87% used [0x00000000e1280000,0x00000000e14af328,0x00000000e1500000)
  to   space 3072K, 0% used [0x00000000e0f80000,0x00000000e0f80000,0x00000000e1280000)
 ParOldGen       total 5632K, used 3006K [0x00000000a0c00000, 0x00000000a1180000, 0x00000000e0400000)
  object space 5632K, 53% used [0x00000000a0c00000,0x00000000a0eefbf0,0x00000000a1180000)
 Metaspace       used 7302K, capacity 8180K, committed 8320K, reserved 1056768K
  class space    used 857K, capacity 880K, committed 896K, reserved 1048576K
Event: 0.921 GC heap after
Heap after GC invocations=7 (full 0):
 PSYoungGen      total 14848K, used 2707K [0x00000000e0400000, 0x00000000e2200000, 0x0000000100000000)
  eden space 11776K, 0% used [0x00000000e0400000,0x00000000e0400000,0x00000000e0f80000)
  from space 3072K, 88% used [0x00000000e0f80000,0x00000000e1224e50,0x00000000e1280000)
  to   space 3584K, 0% used [0x00000000e1e80000,0x00000000e1e80000,0x00000000e2200000)
 ParOldGen       total 5632K, used 4821K [0x00000000a0c00000, 0x00000000a1180000, 0x00000000e0400000)
  object space 5632K, 85% used [0x00000000a0c00000,0x00000000a10b5660,0x00000000a1180000)
 Metaspace       used 7302K, capacity 8180K, committed 8320K, reserved 1056768K
  class space    used 857K, capacity 880K, committed 896K, reserved 1048576K
}
Event: 0.921 GC heap before
{Heap before GC invocations=8 (full 1):
 PSYoungGen      total 14848K, used 2707K [0x00000000e0400000, 0x00000000e2200000, 0x0000000100000000)
  eden space 11776K, 0% used [0x00000000e0400000,0x00000000e0400000,0x00000000e0f80000)
  from space 3072K, 88% used [0x00000000e0f80000,0x00000000e1224e50,0x00000000e1280000)
  to   space 3584K, 0% used [0x00000000e1e80000,0x00000000e1e80000,0x00000000e2200000)
 ParOldGen       total 5632K, used 4821K [0x00000000a0c00000, 0x00000000a1180000, 0x00000000e0400000)
  object space 5632K, 85% used [0x00000000a0c00000,0x00000000a10b5660,0x00000000a1180000)
 Metaspace       used 7302K, capacity 8180K, committed 8320K, reserved 1056768K
  class space    used 857K, capacity 880K, committed 896K, reserved 1048576K
Event: 0.968 GC heap after
Heap after GC invocations=8 (full 1):
 PSYoungGen      total 14848K, used 1021K [0x00000000e0400000, 0x00000000e2200000, 0x0000000100000000)
  eden space 11776K, 0% used [0x00000000e0400000,0x00000000e0400000,0x00000000e0f80000)
  from space 3072K, 33% used [0x00000000e0f80000,0x00000000e107f530,0x00000000e1280000)
  to   space 3584K, 0% used [0x00000000e1e80000,0x00000000e1e80000,0x00000000e2200000)
 ParOldGen       total 5632K, used 5414K [0x00000000a0c00000, 0x00000000a1180000, 0x00000000e0400000)
  object space 5632K, 96% used [0x00000000a0c00000,0x00000000a1149a48,0x00000000a1180000)
 Metaspace       used 7302K, capacity 8180K, committed 8320K, reserved 1056768K
  class space    used 857K, capacity 880K, committed 896K, reserved 1048576K
}

